09.10.2020 15:39:32: Олег 350976479 /start
09.10.2020 15:39:38: Олег 350976479 привет
09.10.2020 15:40:36: Олег 350976479 кусь
09.10.2020 15:44:16: Олег 350976479 ага
09.10.2020 15:45:58: Олег 350976479 кусь
09.10.2020 15:46:04: >> 350976479 Олег Вы: лорпв09.10.2020 15:46:12: >> 350976479 Олег Вы: sfsdfs09.10.2020 15:53:09: Олег 350976479 ну надо же, оно работает
09.10.2020 15:53:40: >> 350976479 Олег Вы: asdasdas09.10.2020 16:29:15: Олег 350976479 кусь
09.10.2020 16:29:18: Олег 350976479 влал
09.10.2020 16:29:37: >> 350976479 Олег Вы: привет09.10.2020 16:34:18: Олег 350976479 tyutuytu
09.10.2020 16:34:29: >> 350976479 Олег Вы: пропорор09.10.2020 17:16:02: Олег 350976479 Вот так вот
09.10.2020 17:16:55: >> 350976479 Олег Вы: дада09.10.2020 17:17:05: Elizaveta 653085410 /start
09.10.2020 17:17:09: Elizaveta 653085410 Hi
09.10.2020 17:17:14: >> 653085410 Elizaveta Вы: кайф09.10.2020 17:17:20: >> 653085410 Elizaveta Вы: работает09.10.2020 17:17:30: Elizaveta 653085410 
09.10.2020 17:17:44: Elizaveta 653085410 А как со стикерами у него?
09.10.2020 17:18:13: Elizaveta 653085410 А если эмоджи
09.10.2020 17:18:16: Elizaveta 653085410 💛
09.10.2020 17:18:21: Elizaveta 653085410 💛
09.10.2020 17:19:15: Олег 350976479 📷
09.10.2020 17:19:25: Олег 350976479 🐌
09.10.2020 17:21:31: Elizaveta 653085410 👁👀😀😊😆🐼🐱
09.10.2020 17:38:54: Владислав 494528835 /start
09.10.2020 17:39:11: Владислав 494528835 
09.10.2020 17:39:33: Владислав 494528835 Саси
09.10.2020 17:39:41: Владислав 494528835 ❤️
09.10.2020 17:39:49: >> 494528835 Владислав Вы: сам саси09.10.2020 17:39:50: Владислав 494528835 👌
09.10.2020 17:40:41: >> 494528835 Владислав Вы: сасякай09.10.2020 17:40:45: >> 494528835 Владислав Вы: дадаты09.10.2020 17:46:31: >> 653085410 Elizaveta Вы: ты красивая09.10.2020 17:47:08: Elizaveta 653085410 ☺️
09.10.2020 17:49:53: >> 494528835 Владислав Вы: жопа09.10.2020 17:49:55: >> 494528835 Владислав Вы: ты09.10.2020 20:16:23: Олег 350976479 кусь
09.10.2020 20:18:17: >> 350976479 Олег Вы: кусь